0 info it worked if it ends with ok
1 verbose cli [ '/Users/emilychai/.nvm/versions/node/v6.10.3/bin/node',
1 verbose cli   '/Users/emilychai/.nvm/versions/node/v6.10.3/bin/npm',
1 verbose cli   'start',
1 verbose cli   'text_files/the_railway_children.text' ]
2 info using npm@3.10.10
3 info using node@v6.10.3
4 verbose stack Error: ENOENT: no such file or directory, open '/Users/emilychai/Projects/word_cruncher/package.json'
4 verbose stack     at Error (native)
5 verbose cwd /Users/emilychai/Projects/word_cruncher
6 error Darwin 16.1.0
7 error argv "/Users/emilychai/.nvm/versions/node/v6.10.3/bin/node" "/Users/emilychai/.nvm/versions/node/v6.10.3/bin/npm" "start" "text_files/the_railway_children.text"
8 error node v6.10.3
9 error npm  v3.10.10
10 error path /Users/emilychai/Projects/word_cruncher/package.json
11 error code ENOENT
12 error errno -2
13 error syscall open
14 error enoent ENOENT: no such file or directory, open '/Users/emilychai/Projects/word_cruncher/package.json'
15 error enoent ENOENT: no such file or directory, open '/Users/emilychai/Projects/word_cruncher/package.json'
15 error enoent This is most likely not a problem with npm itself
15 error enoent and is related to npm not being able to find a file.
16 verbose exit [ -2, true ]
